<?xml version="1.0" encoding="UTF-8"?>
<!-- Generated by org.testng.reporters.JUnitReportReporter -->
<testsuite hostname="Rayyan" failures="0" tests="2" name="facebook.test.demo.FaceBookPage" time="5.037" errors="0" timestamp="2025-07-30T07:12:20 EDT" skipped="0">
  <testcase classname="facebook.test.demo.FaceBookPage" name="welcomeMsg" time="2.907"/>
  <testcase classname="facebook.test.demo.FaceBookPage" name="VerifyLoginFields" time="2.130"/>
</testsuite> <!-- facebook.test.demo.FaceBookPage -->
